<?xml version="1.0" encoding="UTF-8"?>
<!-- Generated by org.testng.reporters.JUnitReportReporter -->
<testsuite name="testcases.Login" tests="2" time="7.174" ignored="0" failures="0" timestamp="20 May 2017 19:10:19 GMT" skipped="0" hostname="Sameer" errors="0">
  <testcase name="TC_001" time="5.681" classname="testcases.Login"/>
  <testcase name="TC_001" time="1.493" classname="testcases.Login"/>
</testsuite> <!-- testcases.Login -->
