<?xml version="1.0" encoding="UTF-8"?>
<!-- Generated by org.testng.reporters.JUnitReportReporter -->
<testsuite name="testcases.Login" tests="2" time="4.709" ignored="0" failures="0" timestamp="29 May 2017 04:34:11 GMT" skipped="0" hostname="Ravi" errors="0">
  <testcase name="TC_001" time="4.414" classname="testcases.Login"/>
  <testcase name="TC_001" time="0.295" classname="testcases.Login"/>
</testsuite> <!-- testcases.Login -->
